0 info it worked if it ends with ok
1 verbose cli [ '/usr/bin/node', '/usr/bin/npm', 'run', 'start:dev' ]
2 info using npm@3.5.2
3 info using node@v8.10.0
4 verbose run-script [ 'prestart:dev', 'start:dev', 'poststart:dev' ]
5 info lifecycle FLIPKART_SDE_2020@1.0.0~prestart:dev: FLIPKART_SDE_2020@1.0.0
6 silly lifecycle FLIPKART_SDE_2020@1.0.0~prestart:dev: no script for prestart:dev, continuing
7 info lifecycle FLIPKART_SDE_2020@1.0.0~start:dev: FLIPKART_SDE_2020@1.0.0
8 verbose lifecycle FLIPKART_SDE_2020@1.0.0~start:dev: unsafe-perm in lifecycle true
9 verbose lifecycle FLIPKART_SDE_2020@1.0.0~start:dev: PATH: /usr/share/npm/bin/node-gyp-bin:/home/ubuntu/Flipkart-SDE-challenge/node_modules/.bin:/usr/local/sbin:/usr/local/bin:/usr/sbin:/usr/bin:/sbin:/bin:/usr/games:/usr/local/games:/snap/bin
10 verbose lifecycle FLIPKART_SDE_2020@1.0.0~start:dev: CWD: /home/ubuntu/Flipkart-SDE-challenge
11 silly lifecycle FLIPKART_SDE_2020@1.0.0~start:dev: Args: [ '-c', 'fuser -k -n tcp 8000 && PORT=8000 npm run start' ]
12 silly lifecycle FLIPKART_SDE_2020@1.0.0~start:dev: Returned: code: 1  signal: null
13 info lifecycle FLIPKART_SDE_2020@1.0.0~start:dev: Failed to exec start:dev script
14 verbose stack Error: FLIPKART_SDE_2020@1.0.0 start:dev: `fuser -k -n tcp 8000 && PORT=8000 npm run start`
14 verbose stack Exit status 1
14 verbose stack     at EventEmitter.<anonymous> (/usr/share/npm/lib/utils/lifecycle.js:232:16)
14 verbose stack     at emitTwo (events.js:126:13)
14 verbose stack     at EventEmitter.emit (events.js:214:7)
14 verbose stack     at ChildProcess.<anonymous> (/usr/share/npm/lib/utils/spawn.js:24:14)
14 verbose stack     at emitTwo (events.js:126:13)
14 verbose stack     at ChildProcess.emit (events.js:214:7)
14 verbose stack     at maybeClose (internal/child_process.js:925:16)
14 verbose stack     at Process.ChildProcess._handle.onexit (internal/child_process.js:209:5)
15 verbose pkgid FLIPKART_SDE_2020@1.0.0
16 verbose cwd /home/ubuntu/Flipkart-SDE-challenge
17 error Linux 5.3.0-1023-aws
18 error argv "/usr/bin/node" "/usr/bin/npm" "run" "start:dev"
19 error node v8.10.0
20 error npm  v3.5.2
21 error code ELIFECYCLE
22 error FLIPKART_SDE_2020@1.0.0 start:dev: `fuser -k -n tcp 8000 && PORT=8000 npm run start`
22 error Exit status 1
23 error Failed at the FLIPKART_SDE_2020@1.0.0 start:dev script 'fuser -k -n tcp 8000 && PORT=8000 npm run start'.
23 error Make sure you have the latest version of node.js and npm installed.
23 error If you do, this is most likely a problem with the FLIPKART_SDE_2020 package,
23 error not with npm itself.
23 error Tell the author that this fails on your system:
23 error     fuser -k -n tcp 8000 && PORT=8000 npm run start
23 error You can get information on how to open an issue for this project with:
23 error     npm bugs FLIPKART_SDE_2020
23 error Or if that isn't available, you can get their info via:
23 error     npm owner ls FLIPKART_SDE_2020
23 error There is likely additional logging output above.
24 verbose exit [ 1, true ]
